<?xml version="1.0" encoding="UTF-8"?>
<testsuite xmlns:xsi="http://www.w3.org/2001/XMLSchema-instance" xsi:noNamespaceSchemaLocation="https://maven.apache.org/surefire/maven-surefire-plugin/xsd/surefire-test-report-3.0.xsd" version="3.0" name="br.com.calvinribeiro.consultamedica.ConsultamedicaApplicationTests" time="8.734" tests="1" errors="0" skipped="0" failures="0">
  <properties>
[...]
</properties>
  <testcase name="contextLoads" classname="br.com.calvinribeiro.consultamedica.ConsultamedicaApplicationTests" time="0.817">
    <system-out><![CDATA[13:45:05.453 [main] INFO org.springframework.test.context.support.AnnotationConfigContextLoaderUtils -- Could not detect default configuration classes for test class [br.com.calvinribeiro.consultamedica.ConsultamedicaApplicationTests]: ConsultamedicaApplicationTests does not declare any static, non-private, non-final, nested classes annotated with @Configuration.
13:45:05.655 [main] INFO org.springframework.boot.test.context.SpringBootTestContextBootstrapper -- Found @SpringBootConfiguration br.com.calvinribeiro.consultamedica.ConsultamedicaApplication for test class br.com.calvinribeiro.consultamedica.ConsultamedicaApplicationTests
13:45:05.880 [main] INFO org.springframework.boot.devtools.restart.RestartApplicationListener -- Restart disabled due to context in which it is running

  .   ____          _            __ _ _
 /\\ / ___'_ __ _ _(_)_ __  __ _ \ \ \ \
( ( )\___ | '_ | '_| | '_ \/ _` | \ \ \ \
 \\/  ___)| |_)| | | | | || (_| |  ) ) ) )
  '  |____| .__|_| |_|_| |_\__, | / / / /
 =========|_|==============|___/=/_/_/_/

 :: Spring Boot ::                (v3.3.3)

2024-10-07T13:45:06.453-03:00  INFO 19544 --- [consultamedica] [           main] b.c.c.c.ConsultamedicaApplicationTests   : Starting ConsultamedicaApplicationTests using Java 21.0.3 with PID 19544 (started by Calvin in C:\Users\Calvin\Downloads\consultamedica)
2024-10-07T13:45:06.454-03:00  INFO 19544 --- [consultamedica] [           main] b.c.c.c.ConsultamedicaApplicationTests   : The following 1 profile is active: "dev"
2024-10-07T13:45:08.076-03:00  INFO 19544 --- [consultamedica] [           main] .s.d.r.c.RepositoryConfigurationDelegate : Bootstrapping Spring Data JPA repositories in DEFAULT mode.
2024-10-07T13:45:08.157-03:00  INFO 19544 --- [consultamedica] [           main] .s.d.r.c.RepositoryConfigurationDelegate : Finished Spring Data repository scanning in 74 ms. Found 2 JPA repository interfaces.
2024-10-07T13:45:08.953-03:00  INFO 19544 --- [consultamedica] [           main] o.hibernate.jpa.internal.util.LogHelper  : HHH000204: Processing PersistenceUnitInfo [name: default]
2024-10-07T13:45:09.089-03:00  INFO 19544 --- [consultamedica] [           main] org.hibernate.Version                    : HHH000412: Hibernate ORM core version 6.5.2.Final
2024-10-07T13:45:09.145-03:00  INFO 19544 --- [consultamedica] [           main] o.h.c.internal.RegionFactoryInitiator    : HHH000026: Second-level cache disabled
2024-10-07T13:45:09.711-03:00  INFO 19544 --- [consultamedica] [           main] o.s.o.j.p.SpringPersistenceUnitInfo      : No LoadTimeWeaver setup: ignoring JPA class transformer
2024-10-07T13:45:09.769-03:00  INFO 19544 --- [consultamedica] [           main] com.zaxxer.hikari.HikariDataSource       : HikariPool-1 - Starting...
2024-10-07T13:45:10.088-03:00  INFO 19544 --- [consultamedica] [           main] com.zaxxer.hikari.pool.HikariPool        : HikariPool-1 - Added connection conn0: url=jdbc:h2:mem:marcasus user=SA
2024-10-07T13:45:10.088-03:00  INFO 19544 --- [consultamedica] [           main] com.zaxxer.hikari.HikariDataSource       : HikariPool-1 - Start completed.
2024-10-07T13:45:10.121-03:00  WARN 19544 --- [consultamedica] [           main] org.hibernate.orm.deprecation            : HHH90000025: H2Dialect does not need to be specified explicitly using 'hibernate.dialect' (remove the property setting and it will be selected by default)
2024-10-07T13:45:11.520-03:00  INFO 19544 --- [consultamedica] [           main] o.h.e.t.j.p.i.JtaPlatformInitiator       : HHH000489: No JTA platform available (set 'hibernate.transaction.jta.platform' to enable JTA platform integration)
Hibernate: 
    create table consultas (
        id_consulta bigint generated by default as identity,
        data_consulta timestamp(6),
        especialidade varchar(255),
        profissional varchar(255),
        id_usuario bigint,
        primary key (id_consulta)
    )
Hibernate: 
    create table usuarios (
        id_usuario bigint generated by default as identity,
        cpf varchar(255),
        data_nascimento timestamp(6),
        email varchar(255),
        nome_usuario varchar(255),
        permissao tinyint check (permissao between 0 and 1),
        telefone varchar(255),
        primary key (id_usuario)
    )
Hibernate: 
    alter table if exists consultas 
       add constraint FKd1jh8ttsswckp5j2a878lbfno 
       foreign key (id_usuario) 
       references usuarios
2024-10-07T13:45:11.598-03:00  INFO 19544 --- [consultamedica] [           main] j.LocalContainerEntityManagerFactoryBean : Initialized JPA EntityManagerFactory for persistence unit 'default'
2024-10-07T13:45:12.321-03:00  WARN 19544 --- [consultamedica] [           main] JpaBaseConfiguration$JpaWebConfiguration : spring.jpa.open-in-view is enabled by default. Therefore, database queries may be performed during view rendering. Explicitly configure spring.jpa.open-in-view to disable this warning
2024-10-07T13:45:12.937-03:00  INFO 19544 --- [consultamedica] [           main] o.s.b.a.h2.H2ConsoleAutoConfiguration    : H2 console available at '/h2-console'. Database available at 'jdbc:h2:mem:marcasus'
2024-10-07T13:45:13.075-03:00  INFO 19544 --- [consultamedica] [           main] b.c.c.c.ConsultamedicaApplicationTests   : Started ConsultamedicaApplicationTests in 7.21 seconds (process running for 8.755)
]]></system-out>
    <system-err><![CDATA[WARNING: A Java agent has been loaded dynamically (C:\Users\Calvin\.m2\repository\net\bytebuddy\byte-buddy-agent\1.14.19\byte-buddy-agent-1.14.19.jar)
WARNING: If a serviceability tool is in use, please run with -XX:+EnableDynamicAgentLoading to hide this warning
WARNING: If a serviceability tool is not in use, please run with -Djdk.instrument.traceUsage for more information
WARNING: Dynamic loading of agents will be disallowed by default in a future release
]]></system-err>
  </testcase>
</testsuite>